
Showing logs for build [32mcb-kubecd-environment-pr-187-12-9vjns-1[0m stage [32mfrom-build-pack[0m and container [32mstep-credential-initializer-bqcrw[0m
{"level":"warn","ts":1584981821.2168624,"logger":"fallback-logger","caller":"logging/config.go:69","msg":"Fetch GitHub commit ID from kodata failed: \"ref: refs/heads/0.8.0-**-support-backwards-incompats\" is not a valid GitHub commit ID"}
{"level":"info","ts":1584981821.2177312,"logger":"fallback-logger","caller":"creds-init/main.go:40","msg":"Credentials initialized."}

Showing logs for build [32mcb-kubecd-environment-pr-187-12-9vjns-1[0m stage [32mfrom-build-pack[0m and container [32mstep-working-dir-initializer-2jmbj[0m
{"level":"warn","ts":1584981822.1377573,"logger":"fallback-logger","caller":"logging/config.go:69","msg":"Fetch GitHub commit ID from kodata failed: open /var/run/ko/HEAD: no such file or directory"}
{"level":"info","ts":1584981822.139522,"logger":"fallback-logger","caller":"bash/main.go:64","msg":"Successfully executed command \"sh -c mkdir -p /workspace/source\"; output "}

Showing logs for build [32mcb-kubecd-environment-pr-187-12-9vjns-1[0m stage [32mfrom-build-pack[0m and container [32mstep-place-tools[0m

Showing logs for build [32mcb-kubecd-environment-pr-187-12-9vjns-1[0m stage [32mfrom-build-pack[0m and container [32mstep-git-source-cb-kubecd-environment-pr-187-12-9vjns-z22fb[0m
{"level":"warn","ts":1584981827.2344759,"logger":"fallback-logger","caller":"logging/config.go:69","msg":"Fetch GitHub commit ID from kodata failed: \"ref: refs/heads/0.8.0-**-support-backwards-incompats\" is not a valid GitHub commit ID"}
{"level":"info","ts":1584981828.3187122,"logger":"fallback-logger","caller":"git/git.go:103","msg":"Successfully cloned https://github.com/cb-kubecd/environment-pr-187-126-boot-vault-gke-staging.git @ master in path /workspace/source"}

Showing logs for build [32mcb-kubecd-environment-pr-187-12-9vjns-1[0m stage [32mfrom-build-pack[0m and container [32mstep-git-merge[0m
Using SHAs from PULL_REFS=master:ef5e281e2e9fdf97f9f4c70a15162398a0d0a2f8,1:d7eeaf207317e1f7a7ea5047f0aca7ee4f1f9bc5
DEBUG: LC_ALL=C JX_LOG_LEVEL=error git fetch origin --unshallow d7eeaf207317e1f7a7ea5047f0aca7ee4f1f9bc5: ef5e281e2e9fdf97f9f4c70a15162398a0d0a2f8:
DEBUG: ran git fetch --unshallow origin d7eeaf207317e1f7a7ea5047f0aca7ee4f1f9bc5: ef5e281e2e9fdf97f9f4c70a15162398a0d0a2f8: in 
DEBUG: LC_ALL=C JX_LOG_LEVEL=error git branch
DEBUG: LC_ALL=C JX_LOG_LEVEL=error git checkout master
DEBUG: ran git checkout master in 
DEBUG: LC_ALL=C JX_LOG_LEVEL=error git reset --hard ef5e281e2e9fdf97f9f4c70a15162398a0d0a2f8
DEBUG: ran git reset --hard ef5e281e2e9fdf97f9f4c70a15162398a0d0a2f8 in 
DEBUG: LC_ALL=C JX_LOG_LEVEL=error git clean -fd .
DEBUG: ran clean --force -d . in 
DEBUG: LC_ALL=C JX_LOG_LEVEL=error git merge d7eeaf207317e1f7a7ea5047f0aca7ee4f1f9bc5
DEBUG: ran git merge d7eeaf207317e1f7a7ea5047f0aca7ee4f1f9bc5 in 
DEBUG: LC_ALL=C JX_LOG_LEVEL=error git log --format=%H%x1f%an%x1f%ae%x1f%cn%x1f%ce%x1f%s%n%b%x1e ef5e281e2e9fdf97f9f4c70a15162398a0d0a2f8..HEAD
Merged SHA d7eeaf207317e1f7a7ea5047f0aca7ee4f1f9bc5 with commit message 'chore: Promote bdd-spring-1584981332 to version 0.0.1' into base branch master

Showing logs for build [32mcb-kubecd-environment-pr-187-12-9vjns-1[0m stage [32mfrom-build-pack[0m and container [32mstep-build-helm-build[0m
WARNING: No $CHART_REPOSITORY defined so using the default value of: http://jenkins-x-chartmuseum:8080
Adding missing Helm repo: storage.googleapis.com https://storage.googleapis.com/chartmuseum.jenkins-x.io
WARNING: No secrets found on "helm/repos" due: reading the secret "helm/repos" from vault: no secret "helm/repos" not found in vault
Read credentials for https://storage.googleapis.com/chartmuseum.jenkins-x.io from vault helm/repos
Successfully added Helm repository storage.googleapis.com.
Adding missing Helm repo: jenkins-x-chartmuseum http://jenkins-x-chartmuseum:8080
WARNING: No secrets found on "helm/repos" due: reading the secret "helm/repos" from vault: no secret "helm/repos" not found in vault
Read credentials for http://jenkins-x-chartmuseum:8080 from vault helm/repos
Successfully added Helm repository jenkins-x-chartmuseum.
WARNING: No $CHART_REPOSITORY defined so using the default value of: http://jenkins-x-chartmuseum:8080
Adding missing Helm repo: chartmuseum.jenkins-x.io http://chartmuseum.jenkins-x.io
WARNING: No secrets found on "helm/repos" due: reading the secret "helm/repos" from vault: no secret "helm/repos" not found in vault
Read credentials for http://chartmuseum.jenkins-x.io from vault helm/repos
Successfully added Helm repository chartmuseum.jenkins-x.io.
